Arguments: 
  C:\Program Files (x86)\nodejs\node.exe C:\Program Files (x86)\Yarn\bin\yarn.js add --save mysql2

PATH: 
  C:\Users\giovanni&lia\Downloads\bin;C:\Users\giovanni&lia\Downloads\vendor\bin;C:\Users\giovanni&lia\Downloads\vendor\conemu-maximus5\ConEmu\Scripts;C:\Users\giovanni&lia\Downloads\vendor\conemu-maximus5;C:\Users\giovanni&lia\Downloads\vendor\conemu-maximus5\ConEmu;C:\Program Files (x86)\AMD APP\bin\x86_64;C:\Program Files (x86)\AMD APP\bin\x86;C:\WINDOWS\system32;C:\WINDOWS;C:\WINDOWS\System32\Wbem;C:\WINDOWS\System32\WindowsPowerShell\v1.0\;C:\Program Files\Broadcom\Broadcom 802.11 Network Adapter\Driver;C:\Program Files (x86)\Intel\OpenCL SDK\2.0\bin\x86;C:\Program Files (x86)\Intel\OpenCL SDK\2.0\bin\x64;C:\Program Files (x86)\nodejs\;C:\Program Files\WIDCOMM\Bluetooth Software\;C:\Program Files\WIDCOMM\Bluetooth Software\syswow64;C:\WINDOWS\System32\OpenSSH\;C:\Program Files (x86)\Yarn\bin\;C:\Program Files\Git\cmd;C:\Users\giovanni&lia\AppData\Local\Programs\Microsoft VS Code\bin;C:\Users\giovanni&lia\AppData\Roaming\npm;C:\Users\giovanni&lia\AppData\Local\Microsoft\WindowsApps;C:\Users\giovanni&lia\AppData\Local\Yarn\bin;C:\Program Files\Git\cmd;C:\Program Files\Git\mingw64\bin;C:\Program Files\Git\usr\bin;C:\Users\giovanni&lia\Downloads

Yarn version: 
  1.21.1

Node version: 
  12.4.0

Platform: 
  win32 ia32

Trace: 
  SyntaxError: C:\Users\giovanni&lia\BancoDeDados\package.json: Unexpected token { in JSON at position 93
      at JSON.parse (<anonymous>)
      at C:\Program Files (x86)\Yarn\lib\cli.js:1625:59
      at Generator.next (<anonymous>)
      at step (C:\Program Files (x86)\Yarn\lib\cli.js:310:30)
      at C:\Program Files (x86)\Yarn\lib\cli.js:321:13

npm manifest: 
  {
    "name": "bancodedados",
    "version": "1.0.0",
    "description": "",
    "main": "conn.js"
  }
  {
    "dependencies": {
      "mysql": "^2.18.1"
    }
  }

yarn manifest: 
  No manifest

Lockfile: 
  # THIS IS AN AUTOGENERATED FILE. DO NOT EDIT THIS FILE DIRECTLY.
  # yarn lockfile v1
